[debug] [2021-11-21T16:54:59.354Z] ----------------------------------------------------------------------
[debug] [2021-11-21T16:54:59.356Z] Command:       C:\Program Files\nodejs\node.exe D:\GIT\VUE3\10-web-dashboard_withVite\node_modules\firebase-tools\lib\bin\firebase.js init
[debug] [2021-11-21T16:54:59.356Z] CLI Version:   9.23.0
[debug] [2021-11-21T16:54:59.356Z] Platform:      win32
[debug] [2021-11-21T16:54:59.357Z] Node Version:  v16.13.0
[debug] [2021-11-21T16:54:59.358Z] Time:          Sun Nov 21 2021 16:54:59 GMT+0000 (Greenwich Mean Time)
[debug] [2021-11-21T16:54:59.358Z] ----------------------------------------------------------------------
[debug] 
[debug] [2021-11-21T16:54:59.403Z] > command requires scopes: ["email","openid","https://www.googleapis.com/auth/cloudplatformprojects.readonly","https://www.googleapis.com/auth/firebase","https://www.googleapis.com/auth/cloud-platform"]
[debug] [2021-11-21T16:54:59.404Z] > authorizing via signed-in user (robert.roksela@gmail.com)
[info] 
     ######## #### ########  ######## ########     ###     ######  ########
     ##        ##  ##     ## ##       ##     ##  ##   ##  ##       ##
     ######    ##  ########  ######   ########  #########  ######  ######
     ##        ##  ##    ##  ##       ##     ## ##     ##       ## ##
     ##       #### ##     ## ######## ########  ##     ##  ######  ########

You're about to initialize a Firebase project in this directory:

  D:\GIT\VUE3\10-web-dashboard_withVite

Before we get started, keep in mind:

  * You are initializing within an existing Firebase project directory

